WARNING:root:Spider warnings
INFO:scrapy.utils.log:Scrapy 2.0.1 started (bot: shopscrap)
INFO:scrapy.utils.log:Versions: lxml 4.5.0.0, libxml2 2.9.10, cssselect 1.1.0, parsel 1.5.2, w3lib 1.21.0, Twisted 20.3.0, Python 3.6.9 (default, Apr 18 2020, 01:56:04) - [GCC 8.4.0], pyOpenSSL 19.1.0 (OpenSSL 1.1.1f  31 Mar 2020), cryptography 2.9, Platform Linux-5.3.0-51-generic-x86_64-with-Ubuntu-18.04-bionic
DEBUG:scrapy.utils.log:Using reactor: twisted.internet.epollreactor.EPollReactor
INFO:scrapy.crawler:Overridden settings:
{'BOT_NAME': 'shopscrap',
 'DUPEFILTER_CLASS': 'scrapy_splash.SplashAwareDupeFilter',
 'HTTPCACHE_STORAGE': 'scrapy_splash.SplashAwareFSCacheStorage',
 'NEWSPIDER_MODULE': 'shopscrap.spiders',
 'SPIDER_MODULES': ['shopscrap.spiders'],
 'USER_AGENT': 'Mozilla/5.0 (X11; Linux x86_64) AppleWebKit/537.36 (KHTML, '
               'like Gecko) Brave Chrome/80.0.3987.163 Safari/537.36'}
INFO:scrapy.extensions.telnet:Telnet Password: 0ae381231baf01ab
INFO:scrapy.middleware:Enabled extensions:
['scrapy.extensions.corestats.CoreStats',
 'scrapy.extensions.telnet.TelnetConsole',
 'scrapy.extensions.memusage.MemoryUsage',
 'scrapy.extensions.logstats.LogStats']
INFO:scrapy.middleware:Enabled downloader middlewares:
['scrapy.downloadermiddlewares.httpauth.HttpAuthMiddleware',
 'scrapy.downloadermiddlewares.downloadtimeout.DownloadTimeoutMiddleware',
 'scrapy.downloadermiddlewares.defaultheaders.DefaultHeadersMiddleware',
 'scrapy.downloadermiddlewares.useragent.UserAgentMiddleware',
 'scrapy.downloadermiddlewares.retry.RetryMiddleware',
 'scrapy.downloadermiddlewares.redirect.MetaRefreshMiddleware',
 'scrapy.downloadermiddlewares.redirect.RedirectMiddleware',
 'scrapy.downloadermiddlewares.cookies.CookiesMiddleware',
 'scrapy_splash.SplashCookiesMiddleware',
 'scrapy_splash.SplashMiddleware',
 'scrapy.downloadermiddlewares.httpproxy.HttpProxyMiddleware',
 'scrapy.downloadermiddlewares.httpcompression.HttpCompressionMiddleware',
 'scrapy.downloadermiddlewares.stats.DownloaderStats']
INFO:scrapy.middleware:Enabled spider middlewares:
['scrapy.spidermiddlewares.httperror.HttpErrorMiddleware',
 'scrapy_splash.SplashDeduplicateArgsMiddleware',
 'scrapy.spidermiddlewares.offsite.OffsiteMiddleware',
 'scrapy.spidermiddlewares.referer.RefererMiddleware',
 'scrapy.spidermiddlewares.urllength.UrlLengthMiddleware',
 'scrapy.spidermiddlewares.depth.DepthMiddleware']
INFO:scrapy.middleware:Enabled item pipelines:
['shopscrap.pipelines.ShopScrapdb']
INFO:scrapy.core.engine:Spider opened
INFO:scrapy.extensions.logstats:Crawled 0 pages (at 0 pages/min), scraped 0 items (at 0 items/min)
INFO:scrapy.extensions.telnet:Telnet console listening on 127.0.0.1:6023
WARNING:py.warnings:/home/user/.local/lib/python3.6/site-packages/scrapy_splash/request.py:41: ScrapyDeprecationWarning: Call to deprecated function to_native_str. Use to_unicode instead.
  url = to_native_str(url)

DEBUG:scrapy.core.engine:Crawled (200) <GET https://groceries.asda.com/product/cornflakes-honey-nut/kelloggs-crunchy-nut-corn-flakes/19140/ via http://0.0.0.0:8050/render.html> (referer: None)
ERROR:scrapy.core.scraper:Error processing {'Carbohydrate': '82g',
 'Date': datetime.datetime(2020, 5, 1, 19, 43, 6, 74765),
 'Energy': '1683kJ',
 'Fat': '4.5g',
 'Fibre': '2.5g',
 'Name': "Kellogg's Crunchy Nut Corn Flakes",
 'Price': '£2.00',
 'Protein': '6g',
 'Salt': '0.75g',
 'Saturates': '0.7g',
 'Sugars': '35g',
 'Supermarket': 'Asda',
 'item_url': 'https://groceries.asda.com/product/cornflakes-honey-nut/kelloggs-crunchy-nut-corn-flakes/19140/'}
Traceback (most recent call last):
  File "/home/user/.local/lib/python3.6/site-packages/sqlalchemy/engine/base.py", line 1248, in _execute_context
    cursor, statement, parameters, context
  File "/home/user/.local/lib/python3.6/site-packages/sqlalchemy/engine/default.py", line 590, in do_execute
    cursor.execute(statement, parameters)
  File "/home/user/.local/lib/python3.6/site-packages/MySQLdb/cursors.py", line 209, in execute
    res = self._query(query)
  File "/home/user/.local/lib/python3.6/site-packages/MySQLdb/cursors.py", line 315, in _query
    db.query(q)
  File "/home/user/.local/lib/python3.6/site-packages/MySQLdb/connections.py", line 239, in query
    _mysql.connection.query(self, query)
MySQLdb._exceptions.OperationalError: (1048, "Column 'name' cannot be null")

The above exception was the direct cause of the following exception:

Traceback (most recent call last):
  File "/home/user/.local/lib/python3.6/site-packages/twisted/internet/defer.py", line 654, in _runCallbacks
    current.result = callback(current.result, *args, **kw)
  File "/home/user/.local/lib/python3.6/site-packages/scrapy/utils/defer.py", line 154, in f
    return deferred_from_coro(coro_f(*coro_args, **coro_kwargs))
  File "/home/user/Documents/PythonScripts/shopscrap/shopscrap/pipelines.py", line 88, in process_item
    session.commit()
  File "/home/user/.local/lib/python3.6/site-packages/sqlalchemy/orm/session.py", line 1036, in commit
    self.transaction.commit()
  File "/home/user/.local/lib/python3.6/site-packages/sqlalchemy/orm/session.py", line 503, in commit
    self._prepare_impl()
  File "/home/user/.local/lib/python3.6/site-packages/sqlalchemy/orm/session.py", line 482, in _prepare_impl
    self.session.flush()
  File "/home/user/.local/lib/python3.6/site-packages/sqlalchemy/orm/session.py", line 2496, in flush
    self._flush(objects)
  File "/home/user/.local/lib/python3.6/site-packages/sqlalchemy/orm/session.py", line 2637, in _flush
    transaction.rollback(_capture_exception=True)
  File "/home/user/.local/lib/python3.6/site-packages/sqlalchemy/util/langhelpers.py", line 69, in __exit__
    exc_value, with_traceback=exc_tb,
  File "/home/user/.local/lib/python3.6/site-packages/sqlalchemy/util/compat.py", line 178, in raise_
    raise exception
  File "/home/user/.local/lib/python3.6/site-packages/sqlalchemy/orm/session.py", line 2597, in _flush
    flush_context.execute()
  File "/home/user/.local/lib/python3.6/site-packages/sqlalchemy/orm/unitofwork.py", line 422, in execute
    rec.execute(self)
  File "/home/user/.local/lib/python3.6/site-packages/sqlalchemy/orm/unitofwork.py", line 589, in execute
    uow,
  File "/home/user/.local/lib/python3.6/site-packages/sqlalchemy/orm/persistence.py", line 245, in save_obj
    insert,
  File "/home/user/.local/lib/python3.6/site-packages/sqlalchemy/orm/persistence.py", line 1136, in _emit_insert_statements
    statement, params
  File "/home/user/.local/lib/python3.6/site-packages/sqlalchemy/engine/base.py", line 984, in execute
    return meth(self, multiparams, params)
  File "/home/user/.local/lib/python3.6/site-packages/sqlalchemy/sql/elements.py", line 293, in _execute_on_connection
    return connection._execute_clauseelement(self, multiparams, params)
  File "/home/user/.local/lib/python3.6/site-packages/sqlalchemy/engine/base.py", line 1103, in _execute_clauseelement
    distilled_params,
  File "/home/user/.local/lib/python3.6/site-packages/sqlalchemy/engine/base.py", line 1288, in _execute_context
    e, statement, parameters, cursor, context
  File "/home/user/.local/lib/python3.6/site-packages/sqlalchemy/engine/base.py", line 1482, in _handle_dbapi_exception
    sqlalchemy_exception, with_traceback=exc_info[2], from_=e
  File "/home/user/.local/lib/python3.6/site-packages/sqlalchemy/util/compat.py", line 178, in raise_
    raise exception
  File "/home/user/.local/lib/python3.6/site-packages/sqlalchemy/engine/base.py", line 1248, in _execute_context
    cursor, statement, parameters, context
  File "/home/user/.local/lib/python3.6/site-packages/sqlalchemy/engine/default.py", line 590, in do_execute
    cursor.execute(statement, parameters)
  File "/home/user/.local/lib/python3.6/site-packages/MySQLdb/cursors.py", line 209, in execute
    res = self._query(query)
  File "/home/user/.local/lib/python3.6/site-packages/MySQLdb/cursors.py", line 315, in _query
    db.query(q)
  File "/home/user/.local/lib/python3.6/site-packages/MySQLdb/connections.py", line 239, in query
    _mysql.connection.query(self, query)
sqlalchemy.exc.OperationalError: (MySQLdb._exceptions.OperationalError) (1048, "Column 'name' cannot be null")
[SQL: INSERT INTO stock (name, energy, carbohydrates, sugars, fats, saturates, protein, fibre, salt) VALUES (%s, %s, %s, %s, %s, %s, %s, %s, %s)]
[parameters: (None, None, None, None, None, None, None, None, None)]
(Background on this error at: http://sqlalche.me/e/e3q8)
INFO:scrapy.crawler:Received SIGINT, shutting down gracefully. Send again to force 
INFO:scrapy.core.engine:Closing spider (shutdown)
INFO:scrapy.crawler:Received SIGINT twice, forcing unclean shutdown
DEBUG:scrapy.downloadermiddlewares.retry:Retrying <GET https://groceries.asda.com/product/1639642 via http://0.0.0.0:8050/render.html> (failed 1 times): [<twisted.python.failure.Failure twisted.internet.error.ConnectionLost: Connection to the other side was lost in a non-clean fashion: Connection lost.>]
DEBUG:scrapy.downloadermiddlewares.retry:Retrying <GET https://groceries.asda.com/product/24076 via http://0.0.0.0:8050/render.html> (failed 1 times): [<twisted.python.failure.Failure twisted.internet.error.ConnectionLost: Connection to the other side was lost in a non-clean fashion: Connection lost.>]
DEBUG:scrapy.downloadermiddlewares.retry:Retrying <GET https://groceries.asda.com/product/21545 via http://0.0.0.0:8050/render.html> (failed 1 times): [<twisted.python.failure.Failure twisted.internet.error.ConnectionLost: Connection to the other side was lost in a non-clean fashion: Connection lost.>]
DEBUG:scrapy.downloadermiddlewares.retry:Retrying <GET https://groceries.asda.com/product/910000396129 via http://0.0.0.0:8050/render.html> (failed 1 times): [<twisted.python.failure.Failure twisted.internet.error.ConnectionLost: Connection to the other side was lost in a non-clean fashion: Connection lost.>]
DEBUG:scrapy.downloadermiddlewares.retry:Retrying <GET https://groceries.asda.com/product/63716560 via http://0.0.0.0:8050/render.html> (failed 1 times): [<twisted.python.failure.Failure twisted.internet.error.ConnectionLost: Connection to the other side was lost in a non-clean fashion: Connection lost.>]
DEBUG:scrapy.downloadermiddlewares.retry:Retrying <GET https://groceries.asda.com/product/77706339 via http://0.0.0.0:8050/render.html> (failed 1 times): [<twisted.python.failure.Failure twisted.internet.error.ConnectionLost: Connection to the other side was lost in a non-clean fashion: Connection lost.>]
DEBUG:scrapy.downloadermiddlewares.retry:Retrying <GET https://groceries.asda.com/product/444083 via http://0.0.0.0:8050/render.html> (failed 1 times): [<twisted.python.failure.Failure twisted.internet.error.ConnectionLost: Connection to the other side was lost in a non-clean fashion: Connection lost.>]
DEBUG:scrapy.downloadermiddlewares.retry:Retrying <GET https://groceries.asda.com/product/1217550 via http://0.0.0.0:8050/render.html> (failed 1 times): [<twisted.python.failure.Failure twisted.internet.error.ConnectionLost: Connection to the other side was lost in a non-clean fashion: Connection lost.>]
